TN:
SF:src\deferred.ts
FN:13,createDeferred
FN:22,promise.resolve
FN:23,promise.reject
FNF:3
FNH:3
FNDA:52,createDeferred
FNDA:33,promise.resolve
FNDA:1,promise.reject
DA:1,1
DA:2,1
DA:3,1
DA:4,1
DA:5,1
DA:6,1
DA:7,1
DA:8,1
DA:9,1
DA:10,1
DA:11,1
DA:12,1
DA:13,52
DA:14,52
DA:15,52
DA:16,52
DA:17,52
DA:18,52
DA:19,52
DA:20,52
DA:21,52
DA:22,52
DA:23,52
DA:24,52
DA:25,52
LF:25
LH:25
BRDA:13,0,0,52
BRDA:17,1,0,52
BRDA:22,2,0,33
BRDA:23,3,0,1
BRF:4
BRH:4
end_of_record
TN:
SF:src\zuteil.ts
FN:88,JobDispatcher
FN:77,Object.<anonymous>.JobDispatcher.getInstance
FN:100,Object.<anonymous>.JobDispatcher.start
FN:115,Object.<anonymous>.JobDispatcher.stop
FN:131,Object.<anonymous>.JobDispatcher.addJob
FN:150,Object.<anonymous>.JobDispatcher.attachListener
FN:158,Object.<anonymous>.JobDispatcher.detachListener
FN:162,Object.<anonymous>.JobDispatcher.executeJob
FN:164,isUnsuccessful
FN:179,timeout
FN:180,timeout
FN:188,Object.<anonymous>.JobDispatcher.onJobComplete
FN:208,Object.<anonymous>.JobDispatcher.notifyListeners
FN:212,Object.<anonymous>.JobDispatcher.update
FNF:14
FNH:14
FNDA:11,JobDispatcher
FNDA:2,Object.<anonymous>.JobDispatcher.getInstance
FNDA:6,Object.<anonymous>.JobDispatcher.start
FNDA:2,Object.<anonymous>.JobDispatcher.stop
FNDA:30,Object.<anonymous>.JobDispatcher.addJob
FNDA:11,Object.<anonymous>.JobDispatcher.attachListener
FNDA:1,Object.<anonymous>.JobDispatcher.detachListener
FNDA:28,Object.<anonymous>.JobDispatcher.executeJob
FNDA:34,isUnsuccessful
FNDA:2,timeout
FNDA:32,timeout
FNDA:28,Object.<anonymous>.JobDispatcher.onJobComplete
FNDA:64,Object.<anonymous>.JobDispatcher.notifyListeners
FNDA:64,Object.<anonymous>.JobDispatcher.update
DA:1,1
DA:2,1
DA:3,1
DA:4,1
DA:5,1
DA:6,1
DA:7,1
DA:8,1
DA:9,1
DA:10,1
DA:11,1
DA:12,1
DA:13,1
DA:14,1
DA:15,1
DA:16,1
DA:17,1
DA:18,1
DA:19,1
DA:20,1
DA:21,1
DA:22,1
DA:23,1
DA:24,1
DA:25,1
DA:26,1
DA:27,1
DA:28,1
DA:29,1
DA:30,1
DA:31,1
DA:32,1
DA:33,1
DA:34,1
DA:35,1
DA:36,1
DA:37,1
DA:38,1
DA:39,1
DA:40,1
DA:41,1
DA:42,1
DA:43,1
DA:44,1
DA:45,1
DA:46,1
DA:47,1
DA:48,1
DA:49,1
DA:50,1
DA:51,1
DA:52,1
DA:53,1
DA:54,1
DA:55,1
DA:56,1
DA:57,1
DA:58,1
DA:59,1
DA:60,1
DA:61,1
DA:62,1
DA:63,1
DA:64,1
DA:65,1
DA:66,1
DA:67,1
DA:68,1
DA:69,1
DA:70,1
DA:71,1
DA:72,1
DA:73,1
DA:74,1
DA:75,1
DA:76,1
DA:77,1
DA:78,2
DA:79,1
DA:80,1
DA:81,2
DA:82,2
DA:83,1
DA:84,1
DA:85,1
DA:86,1
DA:87,1
DA:88,1
DA:89,11
DA:90,11
DA:91,11
DA:92,11
DA:93,11
DA:94,11
DA:95,11
DA:96,11
DA:97,11
DA:98,1
DA:99,1
DA:100,1
DA:101,6
DA:102,6
DA:103,6
DA:104,6
DA:105,1
DA:106,1
DA:107,1
DA:108,1
DA:109,1
DA:110,1
DA:111,1
DA:112,1
DA:113,1
DA:114,1
DA:115,1
DA:116,2
DA:117,2
DA:118,1
DA:119,1
DA:120,1
DA:121,2
DA:122,2
DA:123,1
DA:124,1
DA:125,1
DA:126,1
DA:127,1
DA:128,1
DA:129,1
DA:130,1
DA:131,1
DA:132,30
DA:133,30
DA:134,30
DA:135,30
DA:136,30
DA:137,30
DA:138,30
DA:139,30
DA:140,30
DA:141,30
DA:142,30
DA:143,30
DA:144,30
DA:145,1
DA:146,1
DA:147,1
DA:148,1
DA:149,1
DA:150,1
DA:151,11
DA:152,11
DA:153,11
DA:154,11
DA:155,11
DA:156,1
DA:157,1
DA:158,1
DA:159,1
DA:160,1
DA:161,1
DA:162,1
DA:163,28
DA:164,28
DA:165,34
DA:166,34
DA:167,34
DA:168,34
DA:169,34
DA:170,34
DA:171,34
DA:172,28
DA:173,28
DA:174,28
DA:175,28
DA:176,28
DA:177,34
DA:178,34
DA:179,28
DA:180,28
DA:181,28
DA:182,28
DA:183,28
DA:184,28
DA:185,28
DA:186,28
DA:187,1
DA:188,1
DA:189,28
DA:190,28
DA:191,28
DA:192,28
DA:193,2
DA:194,28
DA:195,1
DA:196,26
DA:197,1
DA:198,1
DA:199,25
DA:200,24
DA:201,24
DA:202,24
DA:203,28
DA:204,28
DA:205,28
DA:206,28
DA:207,1
DA:208,1
DA:209,64
DA:210,64
DA:211,1
DA:212,1
DA:213,64
DA:214,64
DA:215,64
DA:216,28
DA:217,28
DA:218,28
DA:219,28
DA:220,28
DA:221,28
DA:222,28
DA:223,64
DA:224,64
DA:225,1
DA:226,1
LF:226
LH:226
BRDA:45,0,0,1
BRDA:58,1,0,1
BRDA:88,2,0,11
BRDA:88,3,0,2
BRDA:92,4,0,5
BRDA:92,5,0,6
BRDA:77,6,0,2
BRDA:78,7,0,1
BRDA:100,8,0,6
BRDA:115,9,0,2
BRDA:115,10,0,1
BRDA:117,11,0,1
BRDA:120,12,0,1
BRDA:131,13,0,30
BRDA:131,14,0,26
BRDA:131,15,0,29
BRDA:137,16,0,4
BRDA:138,17,0,26
BRDA:150,18,0,11
BRDA:158,19,0,1
BRDA:159,20,0,1
BRDA:162,21,0,28
BRDA:176,22,0,34
BRDA:176,23,0,9
BRDA:176,24,0,28
BRDA:176,25,0,34
BRDA:179,26,0,2
BRDA:180,27,0,32
BRDA:185,28,0,28
BRDA:164,29,0,34
BRDA:179,30,0,2
BRDA:179,31,0,2
BRDA:180,32,0,32
BRDA:181,33,0,8
BRDA:188,34,0,28
BRDA:192,35,0,2
BRDA:194,36,0,26
BRDA:194,37,0,1
BRDA:196,38,0,25
BRDA:196,39,0,1
BRDA:199,40,0,24
BRDA:208,41,0,64
BRDA:209,42,0,62
BRDA:212,43,0,64
BRDA:212,44,0,34
BRDA:214,45,0,73
BRDA:215,46,0,39
BRDA:215,47,0,12
BRDA:215,48,0,28
BRF:49
BRH:49
end_of_record
