TN:
SF:src\deferred.ts
FN:13,createDeferred
FN:22,promise.resolve
FN:23,promise.reject
FNF:3
FNH:3
FNDA:52,createDeferred
FNDA:33,promise.resolve
FNDA:1,promise.reject
DA:1,1
DA:2,1
DA:3,1
DA:4,1
DA:5,1
DA:6,1
DA:7,1
DA:8,1
DA:9,1
DA:10,1
DA:11,1
DA:12,1
DA:13,52
DA:14,52
DA:15,52
DA:16,52
DA:17,52
DA:18,52
DA:19,52
DA:20,52
DA:21,52
DA:22,52
DA:23,52
DA:24,52
DA:25,52
LF:25
LH:25
BRDA:13,0,0,52
BRDA:17,1,0,52
BRDA:22,2,0,33
BRDA:23,3,0,1
BRF:4
BRH:4
end_of_record
TN:
SF:src\zuteil.ts
FN:47,JobDispatcher
FN:36,Object.<anonymous>.JobDispatcher.getInstance
FN:59,Object.<anonymous>.JobDispatcher.start
FN:74,Object.<anonymous>.JobDispatcher.stop
FN:90,Object.<anonymous>.JobDispatcher.addJob
FN:109,Object.<anonymous>.JobDispatcher.attachListener
FN:117,Object.<anonymous>.JobDispatcher.detachListener
FN:121,Object.<anonymous>.JobDispatcher.executeJob
FN:123,isUnsuccessful
FN:138,timeout
FN:139,timeout
FN:147,Object.<anonymous>.JobDispatcher.onJobComplete
FN:167,Object.<anonymous>.JobDispatcher.notifyListeners
FN:171,Object.<anonymous>.JobDispatcher.update
FNF:14
FNH:14
FNDA:11,JobDispatcher
FNDA:2,Object.<anonymous>.JobDispatcher.getInstance
FNDA:6,Object.<anonymous>.JobDispatcher.start
FNDA:2,Object.<anonymous>.JobDispatcher.stop
FNDA:30,Object.<anonymous>.JobDispatcher.addJob
FNDA:11,Object.<anonymous>.JobDispatcher.attachListener
FNDA:1,Object.<anonymous>.JobDispatcher.detachListener
FNDA:28,Object.<anonymous>.JobDispatcher.executeJob
FNDA:33,isUnsuccessful
FNDA:2,timeout
FNDA:31,timeout
FNDA:28,Object.<anonymous>.JobDispatcher.onJobComplete
FNDA:64,Object.<anonymous>.JobDispatcher.notifyListeners
FNDA:64,Object.<anonymous>.JobDispatcher.update
DA:1,1
DA:2,1
DA:3,1
DA:4,1
DA:5,1
DA:6,1
DA:7,1
DA:8,1
DA:9,1
DA:10,1
DA:11,1
DA:12,1
DA:13,1
DA:14,1
DA:15,1
DA:16,1
DA:17,1
DA:18,1
DA:19,1
DA:20,1
DA:21,1
DA:22,1
DA:23,1
DA:24,1
DA:25,1
DA:26,1
DA:27,1
DA:28,1
DA:29,1
DA:30,1
DA:31,1
DA:32,1
DA:33,1
DA:34,1
DA:35,1
DA:36,1
DA:37,2
DA:38,1
DA:39,1
DA:40,2
DA:41,2
DA:42,1
DA:43,1
DA:44,1
DA:45,1
DA:46,1
DA:47,1
DA:48,11
DA:49,11
DA:50,11
DA:51,11
DA:52,11
DA:53,11
DA:54,11
DA:55,11
DA:56,11
DA:57,1
DA:58,1
DA:59,1
DA:60,6
DA:61,6
DA:62,6
DA:63,6
DA:64,1
DA:65,1
DA:66,1
DA:67,1
DA:68,1
DA:69,1
DA:70,1
DA:71,1
DA:72,1
DA:73,1
DA:74,1
DA:75,2
DA:76,2
DA:77,1
DA:78,1
DA:79,1
DA:80,2
DA:81,2
DA:82,1
DA:83,1
DA:84,1
DA:85,1
DA:86,1
DA:87,1
DA:88,1
DA:89,1
DA:90,1
DA:91,30
DA:92,30
DA:93,30
DA:94,30
DA:95,30
DA:96,30
DA:97,30
DA:98,30
DA:99,30
DA:100,30
DA:101,30
DA:102,30
DA:103,30
DA:104,1
DA:105,1
DA:106,1
DA:107,1
DA:108,1
DA:109,1
DA:110,11
DA:111,11
DA:112,11
DA:113,11
DA:114,11
DA:115,1
DA:116,1
DA:117,1
DA:118,1
DA:119,1
DA:120,1
DA:121,1
DA:122,28
DA:123,28
DA:124,33
DA:125,33
DA:126,33
DA:127,33
DA:128,33
DA:129,33
DA:130,33
DA:131,28
DA:132,28
DA:133,28
DA:134,28
DA:135,28
DA:136,33
DA:137,33
DA:138,28
DA:139,28
DA:140,28
DA:141,28
DA:142,28
DA:143,28
DA:144,28
DA:145,28
DA:146,1
DA:147,1
DA:148,28
DA:149,28
DA:150,28
DA:151,28
DA:152,2
DA:153,28
DA:154,1
DA:155,26
DA:156,1
DA:157,1
DA:158,25
DA:159,24
DA:160,24
DA:161,24
DA:162,28
DA:163,28
DA:164,28
DA:165,28
DA:166,1
DA:167,1
DA:168,64
DA:169,64
DA:170,1
DA:171,1
DA:172,64
DA:173,64
DA:174,64
DA:175,28
DA:176,28
DA:177,28
DA:178,28
DA:179,28
DA:180,28
DA:181,28
DA:182,64
DA:183,64
DA:184,1
DA:185,1
LF:185
LH:185
BRDA:4,0,0,1
BRDA:17,1,0,1
BRDA:47,2,0,11
BRDA:47,3,0,2
BRDA:51,4,0,5
BRDA:51,5,0,6
BRDA:36,6,0,2
BRDA:37,7,0,1
BRDA:59,8,0,6
BRDA:74,9,0,2
BRDA:74,10,0,1
BRDA:76,11,0,1
BRDA:79,12,0,1
BRDA:90,13,0,30
BRDA:90,14,0,26
BRDA:90,15,0,29
BRDA:96,16,0,4
BRDA:97,17,0,26
BRDA:109,18,0,11
BRDA:117,19,0,1
BRDA:118,20,0,1
BRDA:121,21,0,28
BRDA:135,22,0,33
BRDA:135,23,0,8
BRDA:135,24,0,28
BRDA:135,25,0,33
BRDA:138,26,0,2
BRDA:139,27,0,31
BRDA:144,28,0,28
BRDA:123,29,0,33
BRDA:138,30,0,2
BRDA:138,31,0,2
BRDA:139,32,0,31
BRDA:140,33,0,7
BRDA:147,34,0,28
BRDA:151,35,0,2
BRDA:153,36,0,26
BRDA:153,37,0,1
BRDA:155,38,0,25
BRDA:155,39,0,1
BRDA:158,40,0,24
BRDA:167,41,0,64
BRDA:168,42,0,62
BRDA:171,43,0,64
BRDA:171,44,0,34
BRDA:173,45,0,73
BRDA:174,46,0,39
BRDA:174,47,0,12
BRDA:174,48,0,28
BRF:49
BRH:49
end_of_record
